{"contracts\\ERC20Token.sol":{"l":{"20":0,"21":0,"29":0,"30":0,"43":0,"44":0,"45":0},"path":"C:\\Users\\armu\\workspace\\smart-contract-ERC20\\contracts\\ERC20Token.sol","s":{"1":0,"2":0,"3":0,"4":0,"5":0,"6":0,"7":0},"b":{"1":[0,0]},"f":{"1":0,"2":0,"3":0},"fnMap":{"1":{"name":"initialize","line":19,"loc":{"start":{"line":19,"column":4},"end":{"line":22,"column":4}}},"2":{"name":"mintToWallet","line":26,"loc":{"start":{"line":24,"column":4},"end":{"line":31,"column":4}}},"3":{"name":"isValidSignature","line":38,"loc":{"start":{"line":38,"column":4},"end":{"line":46,"column":4}}}},"statementMap":{"1":{"start":{"line":20,"column":8},"end":{"line":20,"column":42}},"2":{"start":{"line":21,"column":2},"end":{"line":21,"column":17}},"3":{"start":{"line":29,"column":8},"end":{"line":29,"column":30}},"4":{"start":{"line":30,"column":8},"end":{"line":30,"column":19}},"5":{"start":{"line":43,"column":8},"end":{"line":43,"column":75}},"6":{"start":{"line":44,"column":8},"end":{"line":44,"column":55}},"7":{"start":{"line":45,"column":8},"end":{"line":45,"column":91}}},"branchMap":{"1":{"line":43,"type":"if","locations":[{"start":{"line":43,"column":8},"end":{"line":43,"column":8}},{"start":{"line":43,"column":8},"end":{"line":43,"column":8}}]}}},"contracts\\MQMTokenV1.sol":{"l":{"24":0,"25":0,"26":0,"27":0,"29":0,"37":0,"51":0,"53":0,"54":0,"55":0,"56":0,"57":0,"58":0,"59":0,"62":0,"64":0,"65":0,"66":0,"68":0,"69":0,"77":0,"78":0,"79":0,"80":0,"81":0,"92":0,"93":0,"95":0,"105":0,"138":0,"140":0,"141":0,"143":0,"154":0,"157":0,"158":0,"160":0,"176":0,"177":0,"181":0,"182":0,"186":0,"187":0,"188":0,"189":0,"193":0,"197":0},"path":"C:\\Users\\armu\\workspace\\smart-contract-ERC20\\contracts\\MQMTokenV1.sol","s":{"1":0,"2":0,"3":0,"4":0,"5":0,"6":0,"7":0,"8":0,"9":0,"10":0,"11":0,"12":0,"13":0,"14":0,"15":0,"16":0,"17":0,"18":0,"19":0,"20":0,"21":0,"22":0,"23":0,"24":0,"25":0,"26":0,"27":0,"28":0,"29":0,"30":0,"31":0,"32":0,"33":0,"34":0,"35":0,"36":0,"37":0,"38":0,"39":0,"40":0,"41":0,"42":0,"43":0,"44":0,"45":0,"46":0,"47":0},"b":{"1":[0,0],"2":[0,0],"3":[0,0],"4":[0,0],"5":[0,0],"6":[0,0],"7":[0,0],"8":[0,0],"9":[0,0],"10":[0,0],"11":[0,0]},"f":{"1":0,"2":0,"3":0,"4":0,"5":0,"6":0,"7":0,"8":0,"9":0,"10":0,"11":0,"12":0,"13":0},"fnMap":{"1":{"name":"initialize","line":23,"loc":{"start":{"line":23,"column":1},"end":{"line":30,"column":1}}},"2":{"name":"getMaxTotalSupply","line":36,"loc":{"start":{"line":36,"column":1},"end":{"line":38,"column":1}}},"3":{"name":"transferMany","line":49,"loc":{"start":{"line":49,"column":1},"end":{"line":71,"column":4}}},"4":{"name":"circulatingSupply","line":76,"loc":{"start":{"line":76,"column":1},"end":{"line":84,"column":1}}},"5":{"name":"pause","line":91,"loc":{"start":{"line":91,"column":4},"end":{"line":97,"column":4}}},"6":{"name":"burn","line":104,"loc":{"start":{"line":104,"column":4},"end":{"line":106,"column":4}}},"7":{"name":"_beforeTokenTransfer","line":137,"loc":{"start":{"line":137,"column":1},"end":{"line":144,"column":4}}},"8":{"name":"_transfer","line":153,"loc":{"start":{"line":153,"column":1},"end":{"line":162,"column":4}}},"9":{"name":"mint","line":175,"loc":{"start":{"line":175,"column":4},"end":{"line":178,"column":4}}},"10":{"name":"_nonblockingLzReceive","line":180,"loc":{"start":{"line":180,"column":5},"end":{"line":183,"column":4}}},"11":{"name":"bridge","line":185,"loc":{"start":{"line":185,"column":4},"end":{"line":190,"column":4}}},"12":{"name":"estimateFees","line":192,"loc":{"start":{"line":192,"column":5},"end":{"line":194,"column":5}}},"13":{"name":"trustAddress","line":196,"loc":{"start":{"line":196,"column":4},"end":{"line":198,"column":4}}}},"statementMap":{"1":{"start":{"line":24,"column":2},"end":{"line":24,"column":17}},"2":{"start":{"line":25,"column":2},"end":{"line":25,"column":45}},"3":{"start":{"line":26,"column":2},"end":{"line":26,"column":28}},"4":{"start":{"line":27,"column":2},"end":{"line":27,"column":34}},"5":{"start":{"line":29,"column":8},"end":{"line":29,"column":32}},"6":{"start":{"line":37,"column":2},"end":{"line":37,"column":24}},"7":{"start":{"line":51,"column":8},"end":{"line":51,"column":84}},"8":{"start":{"line":53,"column":8},"end":{"line":53,"column":25}},"9":{"start":{"line":54,"column":8},"end":{"line":54,"column":1852}},"10":{"start":{"line":55,"column":3},"end":{"line":55,"column":36}},"11":{"start":{"line":56,"column":3},"end":{"line":56,"column":73}},"12":{"start":{"line":57,"column":3},"end":{"line":57,"column":83}},"13":{"start":{"line":58,"column":3},"end":{"line":58,"column":67}},"14":{"start":{"line":59,"column":12},"end":{"line":59,"column":40}},"15":{"start":{"line":62,"column":5},"end":{"line":62,"column":102}},"16":{"start":{"line":64,"column":8},"end":{"line":64,"column":2337}},"17":{"start":{"line":65,"column":12},"end":{"line":65,"column":45}},"18":{"start":{"line":66,"column":12},"end":{"line":66,"column":39}},"19":{"start":{"line":68,"column":12},"end":{"line":68,"column":66}},"20":{"start":{"line":69,"column":12},"end":{"line":69,"column":56}},"21":{"start":{"line":77,"column":2},"end":{"line":77,"column":44}},"22":{"start":{"line":78,"column":2},"end":{"line":78,"column":47}},"23":{"start":{"line":79,"column":2},"end":{"line":79,"column":2871}},"24":{"start":{"line":80,"column":3},"end":{"line":80,"column":2913}},"25":{"start":{"line":81,"column":4},"end":{"line":81,"column":46}},"26":{"start":{"line":92,"column":8},"end":{"line":92,"column":3306}},"27":{"start":{"line":93,"column":12},"end":{"line":93,"column":19}},"28":{"start":{"line":95,"column":12},"end":{"line":95,"column":21}},"29":{"start":{"line":105,"column":8},"end":{"line":105,"column":34}},"30":{"start":{"line":138,"column":2},"end":{"line":138,"column":82}},"31":{"start":{"line":140,"column":2},"end":{"line":140,"column":4957}},"32":{"start":{"line":141,"column":3},"end":{"line":141,"column":72}},"33":{"start":{"line":143,"column":8},"end":{"line":143,"column":60}},"34":{"start":{"line":154,"column":8},"end":{"line":154,"column":5652}},"35":{"start":{"line":157,"column":12},"end":{"line":157,"column":38}},"36":{"start":{"line":158,"column":12},"end":{"line":158,"column":47}},"37":{"start":{"line":160,"column":12},"end":{"line":160,"column":53}},"38":{"start":{"line":176,"column":2},"end":{"line":176,"column":112}},"39":{"start":{"line":177,"column":8},"end":{"line":177,"column":30}},"40":{"start":{"line":181,"column":7},"end":{"line":181,"column":78}},"41":{"start":{"line":182,"column":7},"end":{"line":182,"column":30}},"42":{"start":{"line":186,"column":8},"end":{"line":186,"column":62}},"43":{"start":{"line":187,"column":8},"end":{"line":187,"column":33}},"44":{"start":{"line":188,"column":8},"end":{"line":188,"column":62}},"45":{"start":{"line":189,"column":8},"end":{"line":189,"column":82}},"46":{"start":{"line":193,"column":9},"end":{"line":193,"column":154}},"47":{"start":{"line":197,"column":8},"end":{"line":197,"column":89}}},"branchMap":{"1":{"line":51,"type":"if","locations":[{"start":{"line":51,"column":8},"end":{"line":51,"column":8}},{"start":{"line":51,"column":8},"end":{"line":51,"column":8}}]},"2":{"line":56,"type":"if","locations":[{"start":{"line":56,"column":3},"end":{"line":56,"column":3}},{"start":{"line":56,"column":3},"end":{"line":56,"column":3}}]},"3":{"line":57,"type":"if","locations":[{"start":{"line":57,"column":3},"end":{"line":57,"column":3}},{"start":{"line":57,"column":3},"end":{"line":57,"column":3}}]},"4":{"line":58,"type":"if","locations":[{"start":{"line":58,"column":3},"end":{"line":58,"column":3}},{"start":{"line":58,"column":3},"end":{"line":58,"column":3}}]},"5":{"line":80,"type":"if","locations":[{"start":{"line":80,"column":3},"end":{"line":80,"column":3}},{"start":{"line":80,"column":3},"end":{"line":80,"column":3}}]},"6":{"line":92,"type":"if","locations":[{"start":{"line":92,"column":8},"end":{"line":92,"column":8}},{"start":{"line":92,"column":8},"end":{"line":92,"column":8}}]},"7":{"line":138,"type":"if","locations":[{"start":{"line":138,"column":2},"end":{"line":138,"column":2}},{"start":{"line":138,"column":2},"end":{"line":138,"column":2}}]},"8":{"line":140,"type":"if","locations":[{"start":{"line":140,"column":2},"end":{"line":140,"column":2}},{"start":{"line":140,"column":2},"end":{"line":140,"column":2}}]},"9":{"line":141,"type":"if","locations":[{"start":{"line":141,"column":3},"end":{"line":141,"column":3}},{"start":{"line":141,"column":3},"end":{"line":141,"column":3}}]},"10":{"line":154,"type":"if","locations":[{"start":{"line":154,"column":8},"end":{"line":154,"column":8}},{"start":{"line":154,"column":8},"end":{"line":154,"column":8}}]},"11":{"line":176,"type":"if","locations":[{"start":{"line":176,"column":2},"end":{"line":176,"column":2}},{"start":{"line":176,"column":2},"end":{"line":176,"column":2}}]}}},"contracts\\MQMVesting.sol":{"l":{"34":0,"36":0,"38":0,"40":0,"42":0,"44":0,"46":0,"48":0,"50":0,"52":0,"54":0,"57":0,"61":0,"62":0,"63":0,"66":0,"67":0,"69":0,"73":0,"74":0,"77":0,"78":0,"80":0,"81":0,"84":0,"85":0,"86":0,"89":0,"90":0,"92":0},"path":"C:\\Users\\armu\\workspace\\smart-contract-ERC20\\contracts\\MQMVesting.sol","s":{"1":0,"2":0,"3":0,"4":0,"5":0,"6":0,"7":0,"8":0,"9":0,"10":0,"11":0,"12":0,"13":0,"14":0,"15":0,"16":0,"17":0,"18":0,"19":0,"20":0,"21":0,"22":0,"23":0,"24":0},"b":{"1":[0,0],"2":[0,0],"3":[0,0],"4":[0,0],"5":[0,0],"6":[0,0]},"f":{"1":0,"2":0,"3":0},"fnMap":{"1":{"name":"initialize","line":33,"loc":{"start":{"line":33,"column":0},"end":{"line":58,"column":4}}},"2":{"name":"deposit","line":60,"loc":{"start":{"line":60,"column":4},"end":{"line":70,"column":4}}},"3":{"name":"withdraw","line":72,"loc":{"start":{"line":72,"column":5},"end":{"line":93,"column":4}}}},"statementMap":{"1":{"start":{"line":34,"column":2},"end":{"line":34,"column":17}},"2":{"start":{"line":36,"column":2},"end":{"line":36,"column":95}},"3":{"start":{"line":38,"column":8},"end":{"line":38,"column":101}},"4":{"start":{"line":40,"column":8},"end":{"line":40,"column":102}},"5":{"start":{"line":42,"column":8},"end":{"line":42,"column":96}},"6":{"start":{"line":44,"column":2},"end":{"line":44,"column":88}},"7":{"start":{"line":46,"column":2},"end":{"line":46,"column":88}},"8":{"start":{"line":48,"column":2},"end":{"line":48,"column":79}},"9":{"start":{"line":50,"column":2},"end":{"line":50,"column":72}},"10":{"start":{"line":52,"column":2},"end":{"line":52,"column":79}},"11":{"start":{"line":54,"column":2},"end":{"line":54,"column":63}},"12":{"start":{"line":57,"column":8},"end":{"line":57,"column":39}},"13":{"start":{"line":61,"column":8},"end":{"line":61,"column":46}},"14":{"start":{"line":62,"column":8},"end":{"line":62,"column":4548}},"15":{"start":{"line":66,"column":8},"end":{"line":66,"column":4646}},"16":{"start":{"line":69,"column":8},"end":{"line":69,"column":56}},"17":{"start":{"line":73,"column":8},"end":{"line":73,"column":4881}},"18":{"start":{"line":77,"column":8},"end":{"line":77,"column":68}},"19":{"start":{"line":78,"column":8},"end":{"line":78,"column":46}},"20":{"start":{"line":80,"column":8},"end":{"line":80,"column":5121}},"21":{"start":{"line":84,"column":8},"end":{"line":84,"column":70}},"22":{"start":{"line":85,"column":8},"end":{"line":85,"column":5353}},"23":{"start":{"line":89,"column":8},"end":{"line":89,"column":5456}},"24":{"start":{"line":92,"column":8},"end":{"line":92,"column":56}}},"branchMap":{"1":{"line":62,"type":"if","locations":[{"start":{"line":62,"column":8},"end":{"line":62,"column":8}},{"start":{"line":62,"column":8},"end":{"line":62,"column":8}}]},"2":{"line":66,"type":"if","locations":[{"start":{"line":66,"column":8},"end":{"line":66,"column":8}},{"start":{"line":66,"column":8},"end":{"line":66,"column":8}}]},"3":{"line":73,"type":"if","locations":[{"start":{"line":73,"column":8},"end":{"line":73,"column":8}},{"start":{"line":73,"column":8},"end":{"line":73,"column":8}}]},"4":{"line":80,"type":"if","locations":[{"start":{"line":80,"column":8},"end":{"line":80,"column":8}},{"start":{"line":80,"column":8},"end":{"line":80,"column":8}}]},"5":{"line":85,"type":"if","locations":[{"start":{"line":85,"column":8},"end":{"line":85,"column":8}},{"start":{"line":85,"column":8},"end":{"line":85,"column":8}}]},"6":{"line":89,"type":"if","locations":[{"start":{"line":89,"column":8},"end":{"line":89,"column":8}},{"start":{"line":89,"column":8},"end":{"line":89,"column":8}}]}}}}